<?xml version="1.0" encoding="UTF-8"?>
<!-- Generated by org.testng.reporters.JUnitReportReporter -->
<testsuite skipped="1" hostname="HDC3-L-01FDU7" name="seleniumTestNG.Dependecies" tests="3" failures="0" timestamp="02 Jul 2019 16:29:01 GMT" time="0.022" errors="0">
  <testcase name="cart" time="0.019" classname="seleniumTestNG.Dependecies"/>
  <testcase name="submit" time="0.003" classname="seleniumTestNG.Dependecies"/>
  <testcase name="home" classname="seleniumTestNG.Dependecies">
    <skipped/>
  </testcase> <!-- home -->
</testsuite> <!-- seleniumTestNG.Dependecies -->
