<?xml version="1.0" encoding="UTF-8"?>
<!-- Generated by org.testng.reporters.JUnitReportReporter -->
<testsuite skipped="0" hostname="HDC3-L-01FDU7" name="seleniumTestNG.ReportsExample" tests="2" failures="0" timestamp="15 Jul 2019 17:41:00 GMT" time="0.030" errors="0">
  <testcase name="testcase1" time="0.026" classname="seleniumTestNG.ReportsExample"/>
  <testcase name="testcase2" time="0.004" classname="seleniumTestNG.ReportsExample"/>
</testsuite> <!-- seleniumTestNG.ReportsExample -->
