<?xml version="1.0" encoding="UTF-8"?>
<!-- Generated by org.testng.reporters.JUnitReportReporter -->
<testsuite skipped="0" hostname="HDC3-L-01FDU7" name="seleniumTestNG.Paralleltests" tests="2" failures="0" timestamp="24 Sep 2019 11:20:55 GMT" time="30.687" errors="0">
  <testcase name="google" time="14.316" classname="seleniumTestNG.Paralleltests"/>
  <testcase name="google1" time="16.371" classname="seleniumTestNG.Paralleltests"/>
</testsuite> <!-- seleniumTestNG.Paralleltests -->
