<?xml version="1.0" encoding="UTF-8"?>
<!-- Generated by org.testng.reporters.JUnitReportReporter -->
<testsuite skipped="0" hostname="HDC3-L-01FDU7" name="seleniumTestNG.ListenerTest" tests="1" failures="0" timestamp="10 Jul 2019 17:46:59 GMT" time="0.037" errors="0">
  <testcase name="main" time="0.037" classname="seleniumTestNG.ListenerTest"/>
</testsuite> <!-- seleniumTestNG.ListenerTest -->
