<?xml version="1.0" encoding="UTF-8"?>
<!-- Generated by org.testng.reporters.JUnitReportReporter -->
<testsuite skipped="3" hostname="HDC3-L-01FDU7" name="seleniumTestNG.SkipExample" tests="3" failures="0" timestamp="06 Jul 2019 16:13:41 GMT" time="0.025" errors="0">
  <testcase name="testCaseSkipException" time="0.022" classname="seleniumTestNG.SkipExample">
    <skipped/>
  </testcase> <!-- testCaseSkipException -->
  <testcase name="testCaseConditionalSkipException" time="0.003" classname="seleniumTestNG.SkipExample">
    <skipped/>
  </testcase> <!-- testCaseConditionalSkipException -->
  <testcase name="testCaseEnabling" classname="seleniumTestNG.SkipExample">
    <skipped/>
  </testcase> <!-- testCaseEnabling -->
</testsuite> <!-- seleniumTestNG.SkipExample -->
