<?xml version="1.0" encoding="UTF-8"?>
<!-- Generated by org.testng.reporters.JUnitReportReporter -->
<testsuite skipped="0" hostname="HDC3-L-01FDU7" name="seleniumTestNG.Annotations" tests="1" failures="0" timestamp="15 Jul 2019 17:04:47 GMT" time="0.012" errors="0">
  <testcase name="testCase1" time="0.012" classname="seleniumTestNG.Annotations"/>
</testsuite> <!-- seleniumTestNG.Annotations -->
